-------------------------------------------------------------------------------
Test set: test.PlayerManagerTest
-------------------------------------------------------------------------------
Tests run: 4, Failures: 0, Errors: 4, Skipped: 0, Time elapsed: 0.032 s <<< FAILURE! - in test.PlayerManagerTest
setRankTest  Time elapsed: 0.017 s  <<< ERROR!
java.lang.NullPointerException
	at test.PlayerManagerTest.setUp(PlayerManagerTest.java:42)

getRankTest  Time elapsed: 0.001 s  <<< ERROR!
java.lang.NullPointerException
	at test.PlayerManagerTest.setUp(PlayerManagerTest.java:42)

getInventoryTest  Time elapsed: 0.001 s  <<< ERROR!
java.lang.NullPointerException
	at test.PlayerManagerTest.setUp(PlayerManagerTest.java:42)

getPlayerTest  Time elapsed: 0.002 s  <<< ERROR!
java.lang.NullPointerException
	at test.PlayerManagerTest.setUp(PlayerManagerTest.java:42)

